NG911Bluetooth/app/build/outputs/logs/manifest-merger-debug-report.txt
-- Merging decision tree log ---
manifest
ADDED from src/main/AndroidManifest.xml:2:1-221:12
	package
		ADDED from src/main/AndroidManifest.xml:3:5-39
		INJECTED from src/main/AndroidManifest.xml
		INJECTED from src/main/AndroidManifest.xml
	android:versionName
		INJECTED from src/main/AndroidManifest.xml
		INJECTED from src/main/AndroidManifest.xml
	xmlns:android
		ADDED from src/main/AndroidManifest.xml:2:11-69
	android:versionCode
		INJECTED from src/main/AndroidManifest.xml
		INJECTED from src/main/AndroidManifest.xml
uses-permission#android.permission.BLUETOOTH
ADDED from src/main/AndroidManifest.xml:5:5-68
MERGED from [org.altbeacon:android-beacon-library:2.16.2] AndroidManifest.xml:11:5-13:36
	android:required
		ADDED from [org.altbeacon:android-beacon-library:2.16.2] AndroidManifest.xml:13:9-33
	android:name
		ADDED from src/main/AndroidManifest.xml:5:22-65
uses-permission#android.permission.BLUETOOTH_ADMIN
ADDED from src/main/AndroidManifest.xml:6:5-74
MERGED from [org.altbeacon:android-beacon-library:2.16.2] AndroidManifest.xml:14:5-16:36
	android:required
		ADDED from [org.altbeacon:android-beacon-library:2.16.2] AndroidManifest.xml:16:9-33
	android:name
		ADDED from src/main/AndroidManifest.xml:6:22-71
uses-permission#android.permission.CALL_PHONE
ADDED from src/main/AndroidManifest.xml:7:5-69
	android:name
		ADDED from src/main/AndroidManifest.xml:7:22-66
uses-permission#android.permission.INTERNET
ADDED from src/main/AndroidManifest.xml:8:5-67
MERGED from [com.google.android.gms:play-services-ads:8.4.0] AndroidManifest.xml:20:5-66
	android:name
		ADDED from src/main/AndroidManifest.xml:8:22-64
uses-permission#android.permission.ACCESS_COARSE_LOCATION
ADDED from src/main/AndroidManifest.xml:9:5-81
MERGED from [org.altbeacon:android-beacon-library:2.16.2] AndroidManifest.xml:18:5-81
	android:name
		ADDED from src/main/AndroidManifest.xml:9:22-78
uses-permission#android.permission.ACCESS_FINE_LOCATION
ADDED from src/main/AndroidManifest.xml:10:5-79
	android:name
		ADDED from src/main/AndroidManifest.xml:10:22-76
uses-permission#android.permission.WRITE_EXTERNAL_STORAGE
ADDED from src/main/AndroidManifest.xml:11:5-80
	android:name
		ADDED from src/main/AndroidManifest.xml:11:22-78
uses-permission#android.permission.WRITE_INTERNAL_STORAGE
ADDED from src/main/AndroidManifest.xml:12:5-80
	android:name
		ADDED from src/main/AndroidManifest.xml:12:22-78
uses-permission#android.permission.READ_EXTERNAL_STORAGE
ADDED from src/main/AndroidManifest.xml:13:5-79
	android:name
		ADDED from src/main/AndroidManifest.xml:13:22-77
uses-permission#android.permission.READ_INTERNAL_STORAGE
ADDED from src/main/AndroidManifest.xml:14:5-79
	android:name
		ADDED from src/main/AndroidManifest.xml:14:22-77
uses-permission#android.permission.MODIFY_AUDIO_SETTINGS
ADDED from src/main/AndroidManifest.xml:15:5-96
	android:name
		ADDED from src/main/AndroidManifest.xml:15:22-77
uses-permission#android.permission.RECORD_AUDIO
ADDED from src/main/AndroidManifest.xml:16:5-87
	android:name
		ADDED from src/main/AndroidManifest.xml:16:22-68
uses-permission#android.permission.PROCESS_OUTGOING_CALLS
ADDED from src/main/AndroidManifest.xml:17:5-97
	android:name
		ADDED from src/main/AndroidManifest.xml:17:22-78
uses-permission#android.permission.WRITE_SETTINGS
ADDED from src/main/AndroidManifest.xml:18:5-89
	android:name
		ADDED from src/main/AndroidManifest.xml:18:22-70
uses-permission#android.permission.READ_PHONE_STATE
ADDED from src/main/AndroidManifest.xml:19:5-91
	android:name
		ADDED from src/main/AndroidManifest.xml:19:22-72
uses-permission#android.permission.ACCESS_WIFI_STATE
ADDED from src/main/AndroidManifest.xml:20:5-92
	android:name
		ADDED from src/main/AndroidManifest.xml:20:22-73
uses-permission#android.permission.RECEIVE_BOOT_COMPLETED
ADDED from src/main/AndroidManifest.xml:21:5-97
MERGED from [org.altbeacon:android-beacon-library:2.16.2] AndroidManifest.xml:17:5-81
	android:name
		ADDED from src/main/AndroidManifest.xml:21:22-78
uses-permission#android.permission.READ_CONTACTS
ADDED from src/main/AndroidManifest.xml:22:5-88
	android:name
		ADDED from src/main/AndroidManifest.xml:22:22-69
uses-permission#android.permission.WRITE_CONTACTS
ADDED from src/main/AndroidManifest.xml:23:5-89
	android:name
		ADDED from src/main/AndroidManifest.xml:23:22-70
uses-permission#android.permission.WAKE_LOCK
ADDED from src/main/AndroidManifest.xml:24:5-84
	android:name
		ADDED from src/main/AndroidManifest.xml:24:22-65
uses-permission#android.permission.DISABLE_KEYGUARD
ADDED from src/main/AndroidManifest.xml:25:5-91
	android:name
		ADDED from src/main/AndroidManifest.xml:25:22-72
uses-permission#android.permission.CAMERA
ADDED from src/main/AndroidManifest.xml:26:5-81
	android:name
		ADDED from src/main/AndroidManifest.xml:26:22-62
uses-permission#android.permission.VIBRATE
ADDED from src/main/AndroidManifest.xml:27:5-83
	android:name
		ADDED from src/main/AndroidManifest.xml:27:22-63
uses-permission#android.permission.CHANGE_WIFI_STATE
ADDED from src/main/AndroidManifest.xml:28:5-93
	android:name
		ADDED from src/main/AndroidManifest.xml:28:22-73
uses-permission#android.permission.GET_ACCOUNTS
ADDED from src/main/AndroidManifest.xml:30:5-88
	android:name
		ADDED from src/main/AndroidManifest.xml:30:22-68
uses-permission#android.permission.BROADCAST_STICKY
ADDED from src/main/AndroidManifest.xml:31:5-92
	android:name
		ADDED from src/main/AndroidManifest.xml:31:22-72
uses-permission#android.permission.READ_CALL_LOG
ADDED from src/main/AndroidManifest.xml:32:5-88
	android:name
		ADDED from src/main/AndroidManifest.xml:32:22-69
uses-permission#android.permission.WRITE_CALL_LOG
ADDED from src/main/AndroidManifest.xml:33:5-89
	android:name
		ADDED from src/main/AndroidManifest.xml:33:22-70
uses-permission#android.permission.ACCESS_NETWORK_STATE
ADDED from src/main/AndroidManifest.xml:34:5-95
MERGED from [com.google.android.gms:play-services-ads:8.4.0] AndroidManifest.xml:21:5-78
	android:name
		ADDED from src/main/AndroidManifest.xml:34:22-76
uses-permission#android.permission.INTERACT_ACROSS_USERS_FULL
ADDED from src/main/AndroidManifest.xml:35:5-101
	android:name
		ADDED from src/main/AndroidManifest.xml:35:22-82
application
ADDED from src/main/AndroidManifest.xml:37:5-219:19
MERGED from [com.android.support:appcompat-v7:23.2.1] AndroidManifest.xml:25:5-20
MERGED from [com.android.support:support-v4:23.2.1] AndroidManifest.xml:22:5-20
MERGED from [com.android.support:animated-vector-drawable:23.2.1] AndroidManifest.xml:7:5-20
MERGED from [com.android.support:support-vector-drawable:23.2.1] AndroidManifest.xml:7:5-20
MERGED from [com.android.support:support-v4:23.2.1] AndroidManifest.xml:22:5-20
MERGED from [com.android.support:support-vector-drawable:23.2.1] AndroidManifest.xml:7:5-20
MERGED from [com.android.support:support-v4:23.2.1] AndroidManifest.xml:22:5-20
MERGED from [com.android.support:design:23.2.1] AndroidManifest.xml:22:5-20
MERGED from [com.android.support:support-v4:23.2.1] AndroidManifest.xml:22:5-20
MERGED from [com.android.support:appcompat-v7:23.2.1] AndroidManifest.xml:25:5-20
MERGED from [com.android.support:support-v4:23.2.1] AndroidManifest.xml:22:5-20
MERGED from [com.android.support:animated-vector-drawable:23.2.1] AndroidManifest.xml:7:5-20
MERGED from [com.android.support:support-vector-drawable:23.2.1] AndroidManifest.xml:7:5-20
MERGED from [com.android.support:support-v4:23.2.1] AndroidManifest.xml:22:5-20
MERGED from [com.android.support:support-vector-drawable:23.2.1] AndroidManifest.xml:7:5-20
MERGED from [com.android.support:support-v4:23.2.1] AndroidManifest.xml:22:5-20
MERGED from [com.android.support:support-v4:23.2.1] AndroidManifest.xml:22:5-20
MERGED from [NG911Bluetooth:volley:unspecified] AndroidManifest.xml:9:5-20
MERGED from [org.altbeacon:android-beacon-library:2.16.2] AndroidManifest.xml:20:5-56:19
MERGED from [com.android.support:support-v4:23.2.1] AndroidManifest.xml:22:5-20
MERGED from [com.facebook.android:facebook-android-sdk:4.11.0] AndroidManifest.xml:28:5-20
MERGED from [com.android.support:support-v4:23.2.1] AndroidManifest.xml:22:5-20
MERGED from [com.android.support:cardview-v7:23.2.1] AndroidManifest.xml:22:5-20
MERGED from [com.android.support:customtabs:23.2.1] AndroidManifest.xml:22:5-20
MERGED from [com.android.support:support-v4:23.2.1] AndroidManifest.xml:22:5-20
MERGED from [com.android.support:appcompat-v7:23.2.1] AndroidManifest.xml:25:5-20
MERGED from [com.android.support:support-v4:23.2.1] AndroidManifest.xml:22:5-20
MERGED from [com.android.support:animated-vector-drawable:23.2.1] AndroidManifest.xml:7:5-20
MERGED from [com.android.support:support-vector-drawable:23.2.1] AndroidManifest.xml:7:5-20
MERGED from [com.android.support:support-v4:23.2.1] AndroidManifest.xml:22:5-20
MERGED from [com.android.support:support-vector-drawable:23.2.1] AndroidManifest.xml:7:5-20
MERGED from [com.android.support:support-v4:23.2.1] AndroidManifest.xml:22:5-20
MERGED from [com.google.android.gms:play-services-ads:8.4.0] AndroidManifest.xml:24:5-32:19
MERGED from [com.google.android.gms:play-services-basement:8.4.0] AndroidManifest.xml:20:5-24:19
MERGED from [com.android.support:support-v4:23.2.1] AndroidManifest.xml:22:5-20
MERGED from [com.android.support:support-v4:23.2.1] AndroidManifest.xml:22:5-20
MERGED from [com.facebook.android:account-kit-sdk:4.11.0] AndroidManifest.xml:28:5-37:19
MERGED from [com.android.support:support-v4:23.2.1] AndroidManifest.xml:22:5-20
MERGED from [com.android.support:design:23.2.1] AndroidManifest.xml:22:5-20
MERGED from [com.android.support:support-v4:23.2.1] AndroidManifest.xml:22:5-20
MERGED from [com.android.support:appcompat-v7:23.2.1] AndroidManifest.xml:25:5-20
MERGED from [com.android.support:support-v4:23.2.1] AndroidManifest.xml:22:5-20
MERGED from [com.android.support:animated-vector-drawable:23.2.1] AndroidManifest.xml:7:5-20
MERGED from [com.android.support:support-vector-drawable:23.2.1] AndroidManifest.xml:7:5-20
MERGED from [com.android.support:support-v4:23.2.1] AndroidManifest.xml:22:5-20
MERGED from [com.android.support:support-vector-drawable:23.2.1] AndroidManifest.xml:7:5-20
MERGED from [com.android.support:support-v4:23.2.1] AndroidManifest.xml:22:5-20
MERGED from [com.android.support:support-v4:23.2.1] AndroidManifest.xml:22:5-20
MERGED from [com.android.support:appcompat-v7:23.2.1] AndroidManifest.xml:25:5-20
MERGED from [com.android.support:support-v4:23.2.1] AndroidManifest.xml:22:5-20
MERGED from [com.android.support:animated-vector-drawable:23.2.1] AndroidManifest.xml:7:5-20
MERGED from [com.android.support:support-vector-drawable:23.2.1] AndroidManifest.xml:7:5-20
MERGED from [com.android.support:support-v4:23.2.1] AndroidManifest.xml:22:5-20
MERGED from [com.android.support:support-vector-drawable:23.2.1] AndroidManifest.xml:7:5-20
MERGED from [com.android.support:support-v4:23.2.1] AndroidManifest.xml:22:5-20
	android:label
		ADDED from src/main/AndroidManifest.xml:41:9-41
	android:supportsRtl
		ADDED from src/main/AndroidManifest.xml:42:9-35
	android:allowBackup
		ADDED from src/main/AndroidManifest.xml:39:9-35
	android:icon
		ADDED from src/main/AndroidManifest.xml:40:9-44
	android:theme
		ADDED from src/main/AndroidManifest.xml:43:9-40
	android:usesCleartextTraffic
		ADDED from src/main/AndroidManifest.xml:38:9-44
activity#com.android.albert.ng911.MainActivity
ADDED from src/main/AndroidManifest.xml:60:9-70:20
	android:label
		ADDED from src/main/AndroidManifest.xml:62:13-45
	android:launchMode
		ADDED from src/main/AndroidManifest.xml:64:13-48
	android:theme
		ADDED from src/main/AndroidManifest.xml:63:13-56
	android:name
		ADDED from src/main/AndroidManifest.xml:61:13-65
intent-filter#android.intent.action.MAIN+android.intent.category.DEFAULT+android.intent.category.LAUNCHER
ADDED from src/main/AndroidManifest.xml:65:13-69:29
action#android.intent.action.MAIN
ADDED from src/main/AndroidManifest.xml:66:17-69
	android:name
		ADDED from src/main/AndroidManifest.xml:66:25-66
category#android.intent.category.LAUNCHER
ADDED from src/main/AndroidManifest.xml:67:17-77
	android:name
		ADDED from src/main/AndroidManifest.xml:67:27-74
category#android.intent.category.DEFAULT
ADDED from src/main/AndroidManifest.xml:68:17-75
	android:name
		ADDED from src/main/AndroidManifest.xml:68:27-73
activity#com.android.albert.ng911.CallActivity
ADDED from src/main/AndroidManifest.xml:71:11-78:22
	android:label
		ADDED from src/main/AndroidManifest.xml:73:15-48
	android:theme
		ADDED from src/main/AndroidManifest.xml:74:15-58
	android:name
		ADDED from src/main/AndroidManifest.xml:72:15-67
meta-data#android.support.PARENT_ACTIVITY
ADDED from src/main/AndroidManifest.xml:75:15-77:75
	android:value
		ADDED from src/main/AndroidManifest.xml:77:19-72
	android:name
		ADDED from src/main/AndroidManifest.xml:76:19-65
activity#com.android.albert.ng911.status
ADDED from src/main/AndroidManifest.xml:79:11-86:22
	android:label
		ADDED from src/main/AndroidManifest.xml:81:15-48
	android:theme
		ADDED from src/main/AndroidManifest.xml:82:15-58
	android:name
		ADDED from src/main/AndroidManifest.xml:80:15-61
activity#com.android.albert.ng911.infoActivity
ADDED from src/main/AndroidManifest.xml:87:11-94:22
	android:label
		ADDED from src/main/AndroidManifest.xml:89:15-48
	android:theme
		ADDED from src/main/AndroidManifest.xml:90:15-58
	android:name
		ADDED from src/main/AndroidManifest.xml:88:15-43
activity#com.android.albert.ng911.InfoDetail
ADDED from src/main/AndroidManifest.xml:95:9-102:20
	android:label
		ADDED from src/main/AndroidManifest.xml:97:13-46
	android:theme
		ADDED from src/main/AndroidManifest.xml:98:13-56
	android:name
		ADDED from src/main/AndroidManifest.xml:96:13-63
activity#org.sipdroid.sipua.ui.Sipdroid
ADDED from src/main/AndroidManifest.xml:105:9-110:20
	android:label
		ADDED from src/main/AndroidManifest.xml:105:65-97
	android:launchMode
		ADDED from src/main/AndroidManifest.xml:105:98-133
	android:configChanges
		ADDED from src/main/AndroidManifest.xml:106:13-63
	android:name
		ADDED from src/main/AndroidManifest.xml:105:19-64
activity#org.sipdroid.sipua.ui.PSTN
ADDED from src/main/AndroidManifest.xml:111:9-119:20
	android:label
		ADDED from src/main/AndroidManifest.xml:111:61-94
	android:icon
		ADDED from src/main/AndroidManifest.xml:112:13-55
	android:name
		ADDED from src/main/AndroidManifest.xml:111:19-60
intent-filter#android.intent.action.SENDTO+android.intent.category.DEFAULT
ADDED from src/main/AndroidManifest.xml:113:13-118:29
action#android.intent.action.SENDTO
ADDED from src/main/AndroidManifest.xml:114:17-71
	android:name
		ADDED from src/main/AndroidManifest.xml:114:25-68
data
ADDED from src/main/AndroidManifest.xml:116:17-46
	android:scheme
		ADDED from src/main/AndroidManifest.xml:116:23-43
activity#org.sipdroid.sipua.ui.SIP
ADDED from src/main/AndroidManifest.xml:120:9-128:20
	android:label
		ADDED from src/main/AndroidManifest.xml:120:60-92
	android:name
		ADDED from src/main/AndroidManifest.xml:120:19-59
activity#org.sipdroid.sipua.ui.AutoAnswer
ADDED from src/main/AndroidManifest.xml:129:9-101
	android:label
		ADDED from src/main/AndroidManifest.xml:129:67-99
	android:name
		ADDED from src/main/AndroidManifest.xml:129:19-66
activity#org.sipdroid.sipua.ui.ChangeAccount
ADDED from src/main/AndroidManifest.xml:130:9-104
	android:label
		ADDED from src/main/AndroidManifest.xml:130:70-102
	android:name
		ADDED from src/main/AndroidManifest.xml:130:19-69
activity#org.sipdroid.sipua.ui.SIPUri
ADDED from src/main/AndroidManifest.xml:131:9-157:20
	android:label
		ADDED from src/main/AndroidManifest.xml:131:63-95
	android:theme
		ADDED from src/main/AndroidManifest.xml:132:13-56
	android:name
		ADDED from src/main/AndroidManifest.xml:131:19-62
intent-filter#android.intent.action.CALL+android.intent.category.DEFAULT
ADDED from src/main/AndroidManifest.xml:133:13-138:29
action#android.intent.action.CALL
ADDED from src/main/AndroidManifest.xml:134:17-69
	android:name
		ADDED from src/main/AndroidManifest.xml:134:25-66
intent-filter#android.intent.action.SENDTO+android.intent.action.VIEW+android.intent.category.BROWSABLE+android.intent.category.DEFAULT
ADDED from src/main/AndroidManifest.xml:139:13-146:29
action#android.intent.action.VIEW
ADDED from src/main/AndroidManifest.xml:141:17-69
	android:name
		ADDED from src/main/AndroidManifest.xml:141:25-66
category#android.intent.category.BROWSABLE
ADDED from src/main/AndroidManifest.xml:143:17-78
	android:name
		ADDED from src/main/AndroidManifest.xml:143:27-75
intent-filter#android.intent.action.CALL_PRIVILEGED+android.intent.category.DEFAULT
ADDED from src/main/AndroidManifest.xml:147:13-151:29
action#android.intent.action.CALL_PRIVILEGED
ADDED from src/main/AndroidManifest.xml:148:17-80
	android:name
		ADDED from src/main/AndroidManifest.xml:148:25-77
intent-filter#android.intent.action.VIEW+android.intent.category.DEFAULT
ADDED from src/main/AndroidManifest.xml:152:13-156:29
activity#org.sipdroid.sipua.ui.Activity2
ADDED from src/main/AndroidManifest.xml:158:9-159:72
	android:label
		ADDED from src/main/AndroidManifest.xml:158:66-98
	android:excludeFromRecents
		ADDED from src/main/AndroidManifest.xml:159:13-46
	android:taskAffinity
		ADDED from src/main/AndroidManifest.xml:159:47-70
	android:name
		ADDED from src/main/AndroidManifest.xml:158:19-65
activity#org.sipdroid.sipua.ui.Settings
ADDED from src/main/AndroidManifest.xml:160:9-164:20
	android:label
		ADDED from src/main/AndroidManifest.xml:160:65-97
	android:configChanges
		ADDED from src/main/AndroidManifest.xml:161:13-63
	android:theme
		ADDED from src/main/AndroidManifest.xml:162:13-51
	android:name
		ADDED from src/main/AndroidManifest.xml:160:19-64
activity#com.facebook.FacebookActivity
ADDED from src/main/AndroidManifest.xml:165:9-169:20
	android:theme
		ADDED from src/main/AndroidManifest.xml:167:13-44
	android:name
		ADDED from src/main/AndroidManifest.xml:166:13-57
meta-data#com.facebook.sdk.ApplicationId
ADDED from src/main/AndroidManifest.xml:168:9-107
	android:value
		ADDED from src/main/AndroidManifest.xml:168:66-105
	android:name
		ADDED from src/main/AndroidManifest.xml:168:20-65
activity#org.sipdroid.codecs.Codecs$CodecSettings
ADDED from src/main/AndroidManifest.xml:171:9-174:20
	android:label
		ADDED from src/main/AndroidManifest.xml:173:13-45
	android:name
		ADDED from src/main/AndroidManifest.xml:172:13-68
activity#org.sipdroid.sipua.ui.VideoCamera
ADDED from src/main/AndroidManifest.xml:175:9-181:20
	android:clearTaskOnLaunch
		ADDED from src/main/AndroidManifest.xml:179:13-45
	android:screenOrientation
		ADDED from src/main/AndroidManifest.xml:178:13-50
	android:label
		ADDED from src/main/AndroidManifest.xml:175:68-102
	android:excludeFromRecents
		ADDED from src/main/AndroidManifest.xml:176:13-46
	android:configChanges
		ADDED from src/main/AndroidManifest.xml:180:13-63
	android:theme
		ADDED from src/main/AndroidManifest.xml:177:13-77
	android:taskAffinity
		ADDED from src/main/AndroidManifest.xml:176:47-70
	android:name
		ADDED from src/main/AndroidManifest.xml:175:19-67
activity#org.sipdroid.sipua.ui.InCallScreen
ADDED from src/main/AndroidManifest.xml:182:9-188:20
	android:label
		ADDED from src/main/AndroidManifest.xml:182:69-101
	android:excludeFromRecents
		ADDED from src/main/AndroidManifest.xml:183:13-46
	android:launchMode
		ADDED from src/main/AndroidManifest.xml:184:13-48
	android:taskAffinity
		ADDED from src/main/AndroidManifest.xml:183:47-70
	android:name
		ADDED from src/main/AndroidManifest.xml:182:19-68
receiver#org.sipdroid.sipua.ui.OneShotAlarm
ADDED from src/main/AndroidManifest.xml:189:9-70
	android:name
		ADDED from src/main/AndroidManifest.xml:189:19-68
receiver#org.sipdroid.sipua.ui.OneShotAlarm2
ADDED from src/main/AndroidManifest.xml:190:9-71
	android:name
		ADDED from src/main/AndroidManifest.xml:190:19-69
receiver#org.sipdroid.sipua.ui.LoopAlarm
ADDED from src/main/AndroidManifest.xml:191:9-67
	android:name
		ADDED from src/main/AndroidManifest.xml:191:19-65
receiver#org.sipdroid.sipua.ui.OwnWifi
ADDED from src/main/AndroidManifest.xml:192:9-65
	android:name
		ADDED from src/main/AndroidManifest.xml:192:19-63
receiver#org.sipdroid.sipua.ui.OneShotLocation
ADDED from src/main/AndroidManifest.xml:193:9-73
	android:name
		ADDED from src/main/AndroidManifest.xml:193:19-71
receiver#org.sipdroid.sipua.ui.LoopLocation
ADDED from src/main/AndroidManifest.xml:194:9-70
	android:name
		ADDED from src/main/AndroidManifest.xml:194:19-68
receiver#org.sipdroid.sipua.ui.Caller
ADDED from src/main/AndroidManifest.xml:195:9-199:20
	android:name
		ADDED from src/main/AndroidManifest.xml:195:19-62
intent-filter#android.intent.action.NEW_OUTGOING_CALL
ADDED from src/main/AndroidManifest.xml:196:13-198:29
	android:priority
		ADDED from src/main/AndroidManifest.xml:196:28-49
action#android.intent.action.NEW_OUTGOING_CALL
ADDED from src/main/AndroidManifest.xml:197:17-82
	android:name
		ADDED from src/main/AndroidManifest.xml:197:25-79
receiver#org.sipdroid.sipua.ui.Receiver
ADDED from src/main/AndroidManifest.xml:200:9-211:20
	android:enabled
		ADDED from src/main/AndroidManifest.xml:200:65-87
	android:name
		ADDED from src/main/AndroidManifest.xml:200:19-64
intent-filter#android.intent.action.BOOT_COMPLETED+android.intent.action.EXTERNAL_APPLICATIONS_AVAILABLE+android.intent.action.EXTERNAL_APPLICATIONS_UNAVAILABLE
ADDED from src/main/AndroidManifest.xml:201:13-205:29
action#android.intent.action.BOOT_COMPLETED
ADDED from src/main/AndroidManifest.xml:202:17-79
	android:name
		ADDED from src/main/AndroidManifest.xml:202:25-76
action#android.intent.action.EXTERNAL_APPLICATIONS_AVAILABLE
ADDED from src/main/AndroidManifest.xml:203:17-96
	android:name
		ADDED from src/main/AndroidManifest.xml:203:25-93
action#android.intent.action.EXTERNAL_APPLICATIONS_UNAVAILABLE
ADDED from src/main/AndroidManifest.xml:204:17-98
	android:name
		ADDED from src/main/AndroidManifest.xml:204:25-95
intent-filter#android.intent.action.PACKAGE_REPLACED
ADDED from src/main/AndroidManifest.xml:206:13-210:29
action#android.intent.action.PACKAGE_REPLACED
ADDED from src/main/AndroidManifest.xml:207:17-81
	android:name
		ADDED from src/main/AndroidManifest.xml:207:25-78
receiver#org.sipdroid.sipua.ui.PhoneStart
ADDED from src/main/AndroidManifest.xml:212:9-217:20
	android:name
		ADDED from src/main/AndroidManifest.xml:212:19-66
intent-filter#org.sipdroid.START_SIPDROID+org.sipdroid.STOP_SIPDROID
ADDED from src/main/AndroidManifest.xml:213:13-216:29
action#org.sipdroid.START_SIPDROID
ADDED from src/main/AndroidManifest.xml:214:17-70
	android:name
		ADDED from src/main/AndroidManifest.xml:214:25-67
action#org.sipdroid.STOP_SIPDROID
ADDED from src/main/AndroidManifest.xml:215:17-69
	android:name
		ADDED from src/main/AndroidManifest.xml:215:25-66
service#org.sipdroid.sipua.ui.RegisterService
ADDED from src/main/AndroidManifest.xml:218:9-73
	android:name
		ADDED from src/main/AndroidManifest.xml:218:18-70
uses-sdk
INJECTED from src/main/AndroidManifest.xml reason: use-sdk injection requested
MERGED from [com.android.support:appcompat-v7:23.2.1] AndroidManifest.xml:21:5-23:78
MERGED from [com.android.support:support-v4:23.2.1] AndroidManifest.xml:20:5-43
MERGED from [com.android.support:animated-vector-drawable:23.2.1] AndroidManifest.xml:5:5-44
MERGED from [com.android.support:support-vector-drawable:23.2.1] AndroidManifest.xml:5:5-43
MERGED from [com.android.support:support-v4:23.2.1] AndroidManifest.xml:20:5-43
MERGED from [com.android.support:support-vector-drawable:23.2.1] AndroidManifest.xml:5:5-43
MERGED from [com.android.support:support-v4:23.2.1] AndroidManifest.xml:20:5-43
MERGED from [com.android.support:design:23.2.1] AndroidManifest.xml:20:5-43
MERGED from [com.android.support:support-v4:23.2.1] AndroidManifest.xml:20:5-43
MERGED from [com.android.support:appcompat-v7:23.2.1] AndroidManifest.xml:21:5-23:78
MERGED from [com.android.support:support-v4:23.2.1] AndroidManifest.xml:20:5-43
MERGED from [com.android.support:animated-vector-drawable:23.2.1] AndroidManifest.xml:5:5-44
MERGED from [com.android.support:support-vector-drawable:23.2.1] AndroidManifest.xml:5:5-43
MERGED from [com.android.support:support-v4:23.2.1] AndroidManifest.xml:20:5-43
MERGED from [com.android.support:support-vector-drawable:23.2.1] AndroidManifest.xml:5:5-43
MERGED from [com.android.support:support-v4:23.2.1] AndroidManifest.xml:20:5-43
MERGED from [com.android.support:recyclerview-v7:23.2.1] AndroidManifest.xml:20:5-43
MERGED from [com.android.support:support-v4:23.2.1] AndroidManifest.xml:20:5-43
MERGED from [NG911Bluetooth:volley:unspecified] AndroidManifest.xml:7:5-43
MERGED from [org.altbeacon:android-beacon-library:2.16.2] AndroidManifest.xml:7:5-9:41
MERGED from [com.android.support:support-v4:23.2.1] AndroidManifest.xml:20:5-43
MERGED from [com.facebook.android:facebook-android-sdk:4.11.0] AndroidManifest.xml:24:5-26:41
MERGED from [com.android.support:support-v4:23.2.1] AndroidManifest.xml:20:5-43
MERGED from [com.android.support:cardview-v7:23.2.1] AndroidManifest.xml:20:5-43
MERGED from [com.android.support:customtabs:23.2.1] AndroidManifest.xml:20:5-44
MERGED from [com.android.support:support-v4:23.2.1] AndroidManifest.xml:20:5-43
MERGED from [com.facebook.android:audience-network-sdk:4.11.0] AndroidManifest.xml:8:5-10:41
MERGED from [com.android.support:appcompat-v7:23.2.1] AndroidManifest.xml:21:5-23:78
MERGED from [com.android.support:support-v4:23.2.1] AndroidManifest.xml:20:5-43
MERGED from [com.android.support:animated-vector-drawable:23.2.1] AndroidManifest.xml:5:5-44
MERGED from [com.android.support:support-vector-drawable:23.2.1] AndroidManifest.xml:5:5-43
MERGED from [com.android.support:support-v4:23.2.1] AndroidManifest.xml:20:5-43
MERGED from [com.android.support:support-vector-drawable:23.2.1] AndroidManifest.xml:5:5-43
MERGED from [com.android.support:support-v4:23.2.1] AndroidManifest.xml:20:5-43
MERGED from [com.google.android.gms:play-services-ads:8.4.0] AndroidManifest.xml:23:5-42
MERGED from [com.google.android.gms:play-services-basement:8.4.0] AndroidManifest.xml:18:5-42
MERGED from [com.android.support:support-v4:23.2.1] AndroidManifest.xml:20:5-43
MERGED from [com.android.support:recyclerview-v7:23.2.1] AndroidManifest.xml:20:5-43
MERGED from [com.android.support:support-v4:23.2.1] AndroidManifest.xml:20:5-43
MERGED from [com.facebook.android:account-kit-sdk:4.11.0] AndroidManifest.xml:24:5-26:41
MERGED from [com.android.support:support-v4:23.2.1] AndroidManifest.xml:20:5-43
MERGED from [com.android.support:design:23.2.1] AndroidManifest.xml:20:5-43
MERGED from [com.android.support:support-v4:23.2.1] AndroidManifest.xml:20:5-43
MERGED from [com.android.support:appcompat-v7:23.2.1] AndroidManifest.xml:21:5-23:78
MERGED from [com.android.support:support-v4:23.2.1] AndroidManifest.xml:20:5-43
MERGED from [com.android.support:animated-vector-drawable:23.2.1] AndroidManifest.xml:5:5-44
MERGED from [com.android.support:support-vector-drawable:23.2.1] AndroidManifest.xml:5:5-43
MERGED from [com.android.support:support-v4:23.2.1] AndroidManifest.xml:20:5-43
MERGED from [com.android.support:support-vector-drawable:23.2.1] AndroidManifest.xml:5:5-43
MERGED from [com.android.support:support-v4:23.2.1] AndroidManifest.xml:20:5-43
MERGED from [com.android.support:recyclerview-v7:23.2.1] AndroidManifest.xml:20:5-43
MERGED from [com.android.support:support-v4:23.2.1] AndroidManifest.xml:20:5-43
MERGED from [com.android.support:appcompat-v7:23.2.1] AndroidManifest.xml:21:5-23:78
MERGED from [com.android.support:support-v4:23.2.1] AndroidManifest.xml:20:5-43
MERGED from [com.android.support:animated-vector-drawable:23.2.1] AndroidManifest.xml:5:5-44
MERGED from [com.android.support:support-vector-drawable:23.2.1] AndroidManifest.xml:5:5-43
MERGED from [com.android.support:support-v4:23.2.1] AndroidManifest.xml:20:5-43
MERGED from [com.android.support:support-vector-drawable:23.2.1] AndroidManifest.xml:5:5-43
MERGED from [com.android.support:support-v4:23.2.1] AndroidManifest.xml:20:5-43
	tools:overrideLibrary
		ADDED from [com.android.support:appcompat-v7:23.2.1] AndroidManifest.xml:23:9-75
	android:targetSdkVersion
		INJECTED from src/main/AndroidManifest.xml
		INJECTED from src/main/AndroidManifest.xml
	android:minSdkVersion
		INJECTED from src/main/AndroidManifest.xml
		INJECTED from src/main/AndroidManifest.xml
receiver#org.altbeacon.beacon.startup.StartupBroadcastReceiver
ADDED from [org.altbeacon:android-beacon-library:2.16.2] AndroidManifest.xml:21:9-27:20
	android:name
		ADDED from [org.altbeacon:android-beacon-library:2.16.2] AndroidManifest.xml:21:19-87
intent-filter#android.intent.action.ACTION_POWER_CONNECTED+android.intent.action.ACTION_POWER_DISCONNECTED+android.intent.action.BOOT_COMPLETED
ADDED from [org.altbeacon:android-beacon-library:2.16.2] AndroidManifest.xml:22:13-26:29
action#android.intent.action.ACTION_POWER_CONNECTED
ADDED from [org.altbeacon:android-beacon-library:2.16.2] AndroidManifest.xml:24:17-87
	android:name
		ADDED from [org.altbeacon:android-beacon-library:2.16.2] AndroidManifest.xml:24:25-84
action#android.intent.action.ACTION_POWER_DISCONNECTED
ADDED from [org.altbeacon:android-beacon-library:2.16.2] AndroidManifest.xml:25:17-90
	android:name
		ADDED from [org.altbeacon:android-beacon-library:2.16.2] AndroidManifest.xml:25:25-87
service#org.altbeacon.beacon.service.BeaconService
ADDED from [org.altbeacon:android-beacon-library:2.16.2] AndroidManifest.xml:29:9-34:38
	android:enabled
		ADDED from [org.altbeacon:android-beacon-library:2.16.2] AndroidManifest.xml:31:13-35
	android:label
		ADDED from [org.altbeacon:android-beacon-library:2.16.2] AndroidManifest.xml:34:13-35
	android:exported
		ADDED from [org.altbeacon:android-beacon-library:2.16.2] AndroidManifest.xml:32:13-37
	android:isolatedProcess
		ADDED from [org.altbeacon:android-beacon-library:2.16.2] AndroidManifest.xml:33:13-44
	android:name
		ADDED from [org.altbeacon:android-beacon-library:2.16.2] AndroidManifest.xml:30:13-70